<?xml version="1.0" encoding="UTF-8"?>
<robot generator="Robot 5.0 (Python 3.10.4 on win32)" generated="20220409 16:20:15.286" rpa="false" schemaversion="3">
<suite id="s1" name="Kabum Testes" source="C:\DesafioKabum\RobotFramework\WebTest\kabum_testes.robot">
<test id="s1-t1" name="Caso de Teste 01 - Acesso a página de login" line="9">
<kw name="Abrir o navegador" library="kabum_resources" type="SETUP">
<kw name="Open Browser" library="SeleniumLibrary">
<arg>browser=chrome</arg>
<doc>Opens a new browser instance to the optional ``url``.</doc>
<msg timestamp="20220409 16:20:15.771" level="INFO">Opening browser 'chrome' to base url 'None'.</msg>
<status status="PASS" starttime="20220409 16:20:15.771" endtime="20220409 16:20:17.863"/>
</kw>
<kw name="Maximize Browser Window" library="SeleniumLibrary">
<doc>Maximizes current browser window.</doc>
<status status="PASS" starttime="20220409 16:20:17.863" endtime="20220409 16:20:18.007"/>
</kw>
<status status="PASS" starttime="20220409 16:20:15.770" endtime="20220409 16:20:18.007"/>
</kw>
<kw name="Dado que estou na home page do Kabum.com.br" library="kabum_resources">
<kw name="Go To" library="SeleniumLibrary">
<arg>url=${URL}</arg>
<doc>Navigates the current browser window to the provided ``url``.</doc>
<msg timestamp="20220409 16:20:18.010" level="INFO">Opening url 'https://www.kabum.com.br/'</msg>
<status status="PASS" starttime="20220409 16:20:18.009" endtime="20220409 16:20:29.875"/>
</kw>
<kw name="Wait Until Element Is Visible" library="SeleniumLibrary">
<arg>locator=${BARRA_PESQUISA}</arg>
<doc>Waits until the element ``locator`` is visible.</doc>
<status status="PASS" starttime="20220409 16:20:29.876" endtime="20220409 16:20:29.921"/>
</kw>
<status status="PASS" starttime="20220409 16:20:18.008" endtime="20220409 16:20:29.922"/>
</kw>
<kw name="Quando acessar a página de login" library="kabum_resources">
<kw name="Click Element" library="SeleniumLibrary">
<arg>locator=linkLoginHeader</arg>
<doc>Click the element identified by ``locator``.</doc>
<msg timestamp="20220409 16:20:29.923" level="INFO">Clicking element 'linkLoginHeader'.</msg>
<status status="PASS" starttime="20220409 16:20:29.923" endtime="20220409 16:20:32.627"/>
</kw>
<status status="PASS" starttime="20220409 16:20:29.922" endtime="20220409 16:20:32.627"/>
</kw>
<kw name="E inserir dados inválidos de um usuário" library="kabum_resources">
<kw name="Input Text" library="SeleniumLibrary">
<arg>locator=inputUsuarioLogin</arg>
<arg>text=testes@testes.com</arg>
<doc>Types the given ``text`` into the text field identified by ``locator``.</doc>
<msg timestamp="20220409 16:20:32.630" level="INFO">Typing text 'testes@testes.com' into text field 'inputUsuarioLogin'.</msg>
<status status="PASS" starttime="20220409 16:20:32.629" endtime="20220409 16:20:32.981"/>
</kw>
<kw name="Input Password" library="SeleniumLibrary">
<arg>locator=inputSenhaLogin</arg>
<arg>password=123456</arg>
<doc>Types the given password into the text field identified by ``locator``.</doc>
<msg timestamp="20220409 16:20:32.982" level="INFO">Typing password into text field 'inputSenhaLogin'.</msg>
<msg timestamp="20220409 16:20:33.053" level="INFO">Temporally setting log level to: NONE</msg>
<msg timestamp="20220409 16:20:33.201" level="INFO">Log level changed from NONE to INFO.</msg>
<status status="PASS" starttime="20220409 16:20:32.981" endtime="20220409 16:20:33.202"/>
</kw>
<kw name="Click Button" library="SeleniumLibrary">
<arg>locator=botaoLogin</arg>
<doc>Clicks the button identified by ``locator``.</doc>
<msg timestamp="20220409 16:20:33.202" level="INFO">Clicking button 'botaoLogin'.</msg>
<status status="PASS" starttime="20220409 16:20:33.202" endtime="20220409 16:20:33.367"/>
</kw>
<status status="PASS" starttime="20220409 16:20:32.628" endtime="20220409 16:20:33.368"/>
</kw>
<kw name="Então uma mensagem de erro deve ser exibida" library="kabum_resources">
<kw name="Wait Until Element Is Visible" library="SeleniumLibrary">
<arg>locator=${MENSAGEM_ERRO}</arg>
<doc>Waits until the element ``locator`` is visible.</doc>
<status status="PASS" starttime="20220409 16:20:33.372" endtime="20220409 16:20:33.703"/>
</kw>
<status status="PASS" starttime="20220409 16:20:33.371" endtime="20220409 16:20:33.703"/>
</kw>
<doc>Esse teste verifica a validação de um usuário inválido</doc>
<tag>pagina_login</tag>
<status status="PASS" starttime="20220409 16:20:15.769" endtime="20220409 16:20:33.706"/>
</test>
<test id="s1-t2" name="Caso de Teste 02 - Pesquisa de um Produto" line="17">
<kw name="Abrir o navegador" library="kabum_resources" type="SETUP">
<kw name="Open Browser" library="SeleniumLibrary">
<arg>browser=chrome</arg>
<doc>Opens a new browser instance to the optional ``url``.</doc>
<msg timestamp="20220409 16:20:33.712" level="INFO">Opening browser 'chrome' to base url 'None'.</msg>
<status status="PASS" starttime="20220409 16:20:33.711" endtime="20220409 16:20:35.552"/>
</kw>
<kw name="Maximize Browser Window" library="SeleniumLibrary">
<doc>Maximizes current browser window.</doc>
<status status="PASS" starttime="20220409 16:20:35.553" endtime="20220409 16:20:35.691"/>
</kw>
<status status="PASS" starttime="20220409 16:20:33.710" endtime="20220409 16:20:35.691"/>
</kw>
<kw name="Dado que estou na home page do Kabum.com.br" library="kabum_resources">
<kw name="Go To" library="SeleniumLibrary">
<arg>url=${URL}</arg>
<doc>Navigates the current browser window to the provided ``url``.</doc>
<msg timestamp="20220409 16:20:35.693" level="INFO">Opening url 'https://www.kabum.com.br/'</msg>
<status status="PASS" starttime="20220409 16:20:35.693" endtime="20220409 16:20:46.988"/>
</kw>
<kw name="Wait Until Element Is Visible" library="SeleniumLibrary">
<arg>locator=${BARRA_PESQUISA}</arg>
<doc>Waits until the element ``locator`` is visible.</doc>
<status status="PASS" starttime="20220409 16:20:46.988" endtime="20220409 16:20:47.048"/>
</kw>
<status status="PASS" starttime="20220409 16:20:35.692" endtime="20220409 16:20:47.049"/>
</kw>
<kw name="Quando pesquisar pelo produto &quot;IPhone&quot;" library="kabum_resources">
<kw name="Click Element" library="SeleniumLibrary">
<arg>locator=input-busca</arg>
<doc>Click the element identified by ``locator``.</doc>
<msg timestamp="20220409 16:20:47.050" level="INFO">Clicking element 'input-busca'.</msg>
<status status="PASS" starttime="20220409 16:20:47.050" endtime="20220409 16:20:47.190"/>
</kw>
<kw name="Input Text" library="SeleniumLibrary">
<arg>locator=input-busca</arg>
<arg>text=IPhone</arg>
<doc>Types the given ``text`` into the text field identified by ``locator``.</doc>
<msg timestamp="20220409 16:20:47.191" level="INFO">Typing text 'IPhone' into text field 'input-busca'.</msg>
<status status="PASS" starttime="20220409 16:20:47.191" endtime="20220409 16:20:47.320"/>
</kw>
<kw name="Click Button" library="SeleniumLibrary">
<arg>locator=${SUBMIT}</arg>
<doc>Clicks the button identified by ``locator``.</doc>
<msg timestamp="20220409 16:20:47.321" level="INFO">Clicking button '//button[contains(@class,'sc-kBjqcv Bmexq')]'.</msg>
<status status="PASS" starttime="20220409 16:20:47.320" endtime="20220409 16:20:50.388"/>
</kw>
<status status="PASS" starttime="20220409 16:20:47.049" endtime="20220409 16:20:50.388"/>
</kw>
<kw name="Então um produto da linha &quot;IPhone&quot; deve ser mostrado na página" library="kabum_resources">
<kw name="Wait Until Element Is Visible" library="SeleniumLibrary">
<arg>locator=${PRODUTO}</arg>
<doc>Waits until the element ``locator`` is visible.</doc>
<status status="PASS" starttime="20220409 16:20:50.390" endtime="20220409 16:20:51.783"/>
</kw>
<status status="PASS" starttime="20220409 16:20:50.389" endtime="20220409 16:20:51.783"/>
</kw>
<doc>Esse teste verifica a busca de um produto</doc>
<tag>busca_produtos</tag>
<status status="PASS" starttime="20220409 16:20:33.709" endtime="20220409 16:20:51.784"/>
</test>
<test id="s1-t3" name="Caso de Teste 03 - Adicionar um produto no carrinho" line="24">
<kw name="Abrir o navegador" library="kabum_resources" type="SETUP">
<kw name="Open Browser" library="SeleniumLibrary">
<arg>browser=chrome</arg>
<doc>Opens a new browser instance to the optional ``url``.</doc>
<msg timestamp="20220409 16:20:51.790" level="INFO">Opening browser 'chrome' to base url 'None'.</msg>
<status status="PASS" starttime="20220409 16:20:51.790" endtime="20220409 16:20:53.679"/>
</kw>
<kw name="Maximize Browser Window" library="SeleniumLibrary">
<doc>Maximizes current browser window.</doc>
<status status="PASS" starttime="20220409 16:20:53.679" endtime="20220409 16:20:53.823"/>
</kw>
<status status="PASS" starttime="20220409 16:20:51.789" endtime="20220409 16:20:53.823"/>
</kw>
<kw name="Dado que estou na home page do Kabum.com.br" library="kabum_resources">
<kw name="Go To" library="SeleniumLibrary">
<arg>url=${URL}</arg>
<doc>Navigates the current browser window to the provided ``url``.</doc>
<msg timestamp="20220409 16:20:53.827" level="INFO">Opening url 'https://www.kabum.com.br/'</msg>
<status status="PASS" starttime="20220409 16:20:53.826" endtime="20220409 16:21:03.631"/>
</kw>
<kw name="Wait Until Element Is Visible" library="SeleniumLibrary">
<arg>locator=${BARRA_PESQUISA}</arg>
<doc>Waits until the element ``locator`` is visible.</doc>
<status status="PASS" starttime="20220409 16:21:03.632" endtime="20220409 16:21:03.781"/>
</kw>
<status status="PASS" starttime="20220409 16:20:53.825" endtime="20220409 16:21:03.782"/>
</kw>
<kw name="Quando acessar uma categoria do menu &quot;Departamento&quot;" library="kabum_resources">
<kw name="Wait Until Element Is Visible" library="SeleniumLibrary">
<arg>locator=${DEPARTAMENTO}</arg>
<doc>Waits until the element ``locator`` is visible.</doc>
<status status="PASS" starttime="20220409 16:21:03.791" endtime="20220409 16:21:03.966"/>
</kw>
<kw name="Click Button" library="SeleniumLibrary">
<arg>locator=${DEPARTAMENTO}</arg>
<doc>Clicks the button identified by ``locator``.</doc>
<msg timestamp="20220409 16:21:03.967" level="INFO">Clicking button '//button[contains(.,'TODOS OS DEPARTAMENTOS')]'.</msg>
<status status="PASS" starttime="20220409 16:21:03.966" endtime="20220409 16:21:04.214"/>
</kw>
<kw name="Wait Until Element Is Visible" library="SeleniumLibrary">
<arg>locator=${COMPUTADORES}</arg>
<doc>Waits until the element ``locator`` is visible.</doc>
<status status="PASS" starttime="20220409 16:21:04.214" endtime="20220409 16:21:04.876"/>
</kw>
<kw name="Click Element" library="SeleniumLibrary">
<arg>locator=${COMPUTADORES}</arg>
<doc>Click the element identified by ``locator``.</doc>
<msg timestamp="20220409 16:21:04.877" level="INFO">Clicking element '//a[@href='https://www.kabum.com.br/computadores']'.</msg>
<status status="PASS" starttime="20220409 16:21:04.876" endtime="20220409 16:21:14.337"/>
</kw>
<status status="PASS" starttime="20220409 16:21:03.791" endtime="20220409 16:21:14.338"/>
</kw>
<kw name="E adiciono um produto no carrinho" library="kabum_resources">
<kw name="Wait Until Element Is Visible" library="SeleniumLibrary">
<arg>locator=${NOTEBOOK}</arg>
<doc>Waits until the element ``locator`` is visible.</doc>
<status status="PASS" starttime="20220409 16:21:14.340" endtime="20220409 16:21:14.442"/>
</kw>
<kw name="Click Element" library="SeleniumLibrary">
<arg>locator=${NOTEBOOK}</arg>
<doc>Click the element identified by ``locator``.</doc>
<msg timestamp="20220409 16:21:14.444" level="INFO">Clicking element '//span[@height='54'][contains(.,'Notebook Acer Aspire 5 Intel Core i5-1035G1, 4GB RAM, SSD 256GB NVMe, 14 HD Ultrafino, UHD Graphics, Windows 10 Home, Prata - A514-53-5239')]'.</msg>
<status status="PASS" starttime="20220409 16:21:14.443" endtime="20220409 16:21:31.391"/>
</kw>
<kw name="Wait Until Element Is Visible" library="SeleniumLibrary">
<arg>locator=${COMPRAR}</arg>
<doc>Waits until the element ``locator`` is visible.</doc>
<status status="PASS" starttime="20220409 16:21:31.392" endtime="20220409 16:21:31.439"/>
</kw>
<kw name="Click Button" library="SeleniumLibrary">
<arg>locator=${COMPRAR}</arg>
<doc>Clicks the button identified by ``locator``.</doc>
<msg timestamp="20220409 16:21:31.441" level="INFO">Clicking button '//button[contains(.,'COMPRAR')]'.</msg>
<status status="PASS" starttime="20220409 16:21:31.440" endtime="20220409 16:21:31.847"/>
</kw>
<status status="PASS" starttime="20220409 16:21:14.339" endtime="20220409 16:21:31.848"/>
</kw>
<kw name="Então o produto deve ser adicionado no carrinho" library="kabum_resources">
<kw name="Wait Until Element Is Visible" library="SeleniumLibrary">
<arg>locator=${CARRINHO}</arg>
<doc>Waits until the element ``locator`` is visible.</doc>
<status status="PASS" starttime="20220409 16:21:31.850" endtime="20220409 16:21:36.388"/>
</kw>
<kw name="Click Button" library="SeleniumLibrary">
<arg>locator=${CARRINHO}</arg>
<doc>Clicks the button identified by ``locator``.</doc>
<msg timestamp="20220409 16:21:36.390" level="INFO">Clicking button '//button[@class='buttonGoToCart']'.</msg>
<status status="PASS" starttime="20220409 16:21:36.388" endtime="20220409 16:21:39.633"/>
</kw>
<kw name="Wait Until Element Is Visible" library="SeleniumLibrary">
<arg>locator=${VALIDACAO}</arg>
<doc>Waits until the element ``locator`` is visible.</doc>
<status status="PASS" starttime="20220409 16:21:39.633" endtime="20220409 16:21:40.213"/>
</kw>
<status status="PASS" starttime="20220409 16:21:31.849" endtime="20220409 16:21:40.213"/>
</kw>
<doc>Esse teste verifica a adição de um produto no carrinho</doc>
<tag>carrinho</tag>
<status status="PASS" starttime="20220409 16:20:51.787" endtime="20220409 16:21:40.214"/>
</test>
<doc>Essa suíte testa o site do Kabum.com.br</doc>
<status status="PASS" starttime="20220409 16:20:15.292" endtime="20220409 16:21:40.217"/>
</suite>
<statistics>
<total>
<stat pass="3" fail="0" skip="0">All Tests</stat>
</total>
<tag>
<stat pass="1" fail="0" skip="0">busca_produtos</stat>
<stat pass="1" fail="0" skip="0">carrinho</stat>
<stat pass="1" fail="0" skip="0">pagina_login</stat>
</tag>
<suite>
<stat pass="3" fail="0" skip="0" id="s1" name="Kabum Testes">Kabum Testes</stat>
</suite>
</statistics>
<errors>
</errors>
</robot>
