<?xml version="1.0" encoding="UTF-8"?>
<robot generator="Robot 5.0 (Python 3.10.4 on win32)" generated="20220409 16:32:08.900" rpa="false" schemaversion="3">
<suite id="s1" name="Kabum Testes" source="C:\DesafioKabum\RobotFramework\WebTest\kabum_testes.robot">
<test id="s1-t1" name="Caso de Teste 03 - Adicionar um produto no carrinho" line="24">
<kw name="Abrir o navegador" library="kabum_resources" type="SETUP">
<kw name="Open Browser" library="SeleniumLibrary">
<arg>browser=chrome</arg>
<doc>Opens a new browser instance to the optional ``url``.</doc>
<msg timestamp="20220409 16:32:09.373" level="INFO">Opening browser 'chrome' to base url 'None'.</msg>
<status status="PASS" starttime="20220409 16:32:09.373" endtime="20220409 16:32:11.362"/>
</kw>
<kw name="Maximize Browser Window" library="SeleniumLibrary">
<doc>Maximizes current browser window.</doc>
<status status="PASS" starttime="20220409 16:32:11.362" endtime="20220409 16:32:11.615"/>
</kw>
<status status="PASS" starttime="20220409 16:32:09.372" endtime="20220409 16:32:11.615"/>
</kw>
<kw name="Dado que estou na home page do Kabum.com.br" library="kabum_resources">
<kw name="Go To" library="SeleniumLibrary">
<arg>url=${URL}</arg>
<doc>Navigates the current browser window to the provided ``url``.</doc>
<msg timestamp="20220409 16:32:11.618" level="INFO">Opening url 'https://www.kabum.com.br/'</msg>
<status status="PASS" starttime="20220409 16:32:11.617" endtime="20220409 16:32:21.809"/>
</kw>
<kw name="Wait Until Element Is Visible" library="SeleniumLibrary">
<arg>locator=${BARRA_PESQUISA}</arg>
<doc>Waits until the element ``locator`` is visible.</doc>
<status status="PASS" starttime="20220409 16:32:21.810" endtime="20220409 16:32:21.857"/>
</kw>
<status status="PASS" starttime="20220409 16:32:11.616" endtime="20220409 16:32:21.857"/>
</kw>
<kw name="Quando acessar uma categoria do menu &quot;Departamento&quot;" library="kabum_resources">
<kw name="Wait Until Element Is Visible" library="SeleniumLibrary">
<arg>locator=${DEPARTAMENTO}</arg>
<doc>Waits until the element ``locator`` is visible.</doc>
<status status="PASS" starttime="20220409 16:32:21.858" endtime="20220409 16:32:21.896"/>
</kw>
<kw name="Click Button" library="SeleniumLibrary">
<arg>locator=${DEPARTAMENTO}</arg>
<doc>Clicks the button identified by ``locator``.</doc>
<msg timestamp="20220409 16:32:21.897" level="INFO">Clicking button '//button[contains(.,'TODOS OS DEPARTAMENTOS')]'.</msg>
<status status="PASS" starttime="20220409 16:32:21.897" endtime="20220409 16:32:22.026"/>
</kw>
<kw name="Wait Until Element Is Visible" library="SeleniumLibrary">
<arg>locator=${COMPUTADORES}</arg>
<doc>Waits until the element ``locator`` is visible.</doc>
<status status="PASS" starttime="20220409 16:32:22.027" endtime="20220409 16:32:22.371"/>
</kw>
<kw name="Click Element" library="SeleniumLibrary">
<arg>locator=${COMPUTADORES}</arg>
<doc>Click the element identified by ``locator``.</doc>
<msg timestamp="20220409 16:32:22.373" level="INFO">Clicking element '//a[@href='https://www.kabum.com.br/computadores']'.</msg>
<status status="PASS" starttime="20220409 16:32:22.372" endtime="20220409 16:32:24.885"/>
</kw>
<status status="PASS" starttime="20220409 16:32:21.858" endtime="20220409 16:32:24.886"/>
</kw>
<kw name="E adiciono um produto no carrinho" library="kabum_resources">
<kw name="Wait Until Element Is Visible" library="SeleniumLibrary">
<arg>locator=${NOTEBOOK}</arg>
<doc>Waits until the element ``locator`` is visible.</doc>
<status status="PASS" starttime="20220409 16:32:24.889" endtime="20220409 16:32:26.398"/>
</kw>
<kw name="Click Element" library="SeleniumLibrary">
<arg>locator=${NOTEBOOK}</arg>
<doc>Click the element identified by ``locator``.</doc>
<msg timestamp="20220409 16:32:26.399" level="INFO">Clicking element '//span[@height='54'][contains(.,'Notebook Acer Aspire 5 Intel Core i5-1035G1, 4GB RAM, SSD 256GB NVMe, 14 HD Ultrafino, UHD Graphics, Windows 10 Home, Prata - A514-53-5239')]'.</msg>
<status status="PASS" starttime="20220409 16:32:26.398" endtime="20220409 16:32:38.632"/>
</kw>
<kw name="Wait Until Element Is Visible" library="SeleniumLibrary">
<arg>locator=${COMPRAR}</arg>
<doc>Waits until the element ``locator`` is visible.</doc>
<status status="PASS" starttime="20220409 16:32:38.633" endtime="20220409 16:32:38.678"/>
</kw>
<kw name="Click Button" library="SeleniumLibrary">
<arg>locator=${COMPRAR}</arg>
<doc>Clicks the button identified by ``locator``.</doc>
<msg timestamp="20220409 16:32:38.680" level="INFO">Clicking button '//button[contains(.,'COMPRAR')]'.</msg>
<status status="PASS" starttime="20220409 16:32:38.678" endtime="20220409 16:32:38.951"/>
</kw>
<status status="PASS" starttime="20220409 16:32:24.888" endtime="20220409 16:32:38.952"/>
</kw>
<kw name="Então o produto deve ser adicionado no carrinho" library="kabum_resources">
<kw name="Wait Until Element Is Visible" library="SeleniumLibrary">
<arg>locator=${CARRINHO}</arg>
<doc>Waits until the element ``locator`` is visible.</doc>
<status status="PASS" starttime="20220409 16:32:38.954" endtime="20220409 16:32:42.189"/>
</kw>
<kw name="Click Button" library="SeleniumLibrary">
<arg>locator=${CARRINHO}</arg>
<doc>Clicks the button identified by ``locator``.</doc>
<msg timestamp="20220409 16:32:42.190" level="INFO">Clicking button '//button[@class='buttonGoToCart']'.</msg>
<status status="PASS" starttime="20220409 16:32:42.190" endtime="20220409 16:32:44.060"/>
</kw>
<kw name="Wait Until Element Is Visible" library="SeleniumLibrary">
<arg>locator=${VALIDACAO}</arg>
<doc>Waits until the element ``locator`` is visible.</doc>
<status status="PASS" starttime="20220409 16:32:44.061" endtime="20220409 16:32:44.961"/>
</kw>
<status status="PASS" starttime="20220409 16:32:38.953" endtime="20220409 16:32:44.961"/>
</kw>
<kw name="Fechar o navegador" library="kabum_resources" type="TEARDOWN">
<kw name="Capture Page Screenshot" library="SeleniumLibrary">
<doc>Takes a screenshot of the current page and embeds it into a log file.</doc>
<msg timestamp="20220409 16:32:45.273" level="INFO" html="true">&lt;/td&gt;&lt;/tr&gt;&lt;tr&gt;&lt;td colspan="3"&gt;&lt;a href="selenium-screenshot-3.png"&gt;&lt;img src="selenium-screenshot-3.png" width="800px"&gt;&lt;/a&gt;</msg>
<status status="PASS" starttime="20220409 16:32:44.964" endtime="20220409 16:32:45.273"/>
</kw>
<kw name="Close Browser" library="SeleniumLibrary">
<doc>Closes the current browser.</doc>
<status status="PASS" starttime="20220409 16:32:45.273" endtime="20220409 16:32:47.858"/>
</kw>
<status status="PASS" starttime="20220409 16:32:44.963" endtime="20220409 16:32:47.858"/>
</kw>
<doc>Esse teste verifica a adição de um produto no carrinho</doc>
<tag>carrinho</tag>
<status status="PASS" starttime="20220409 16:32:09.370" endtime="20220409 16:32:47.860"/>
</test>
<doc>Essa suíte testa o site do Kabum.com.br</doc>
<status status="PASS" starttime="20220409 16:32:08.905" endtime="20220409 16:32:47.868"/>
</suite>
<statistics>
<total>
<stat pass="1" fail="0" skip="0">All Tests</stat>
</total>
<tag>
<stat pass="1" fail="0" skip="0">carrinho</stat>
</tag>
<suite>
<stat pass="1" fail="0" skip="0" id="s1" name="Kabum Testes">Kabum Testes</stat>
</suite>
</statistics>
<errors>
</errors>
</robot>
